2022-12-01 18:47:37,587 [Worker-1: Loading available Gradle versions] INFO  o.e.b.c.i.u.g.PublishedGradleVersions - Gradle version information cache is out-of-date. Trying to update.
2022-12-01 18:47:38,798 [Worker-1: Loading available Gradle versions] INFO  o.e.b.c.i.u.g.PublishedGradleVersions - Updating Gradle version information cache failed. Using outdated cache.
2022-12-01 19:09:05,095 [Worker-6: Loading available Gradle versions] INFO  o.e.b.c.i.u.g.PublishedGradleVersions - Gradle version information cache is up-to-date. Trying to read.
2022-12-01 19:09:36,802 [ModalContext] INFO  o.e.m.c.i.e.AbstractTransferListenerAdapter - Downloaded https://repo.maven.apache.org/maven2/org/apache/maven/archetypes/maven-archetype-quickstart/1.1/maven-archetype-quickstart-1.1.pom
2022-12-01 19:13:01,155 [Worker-21: Launching mavenrun-2a97a677-c78e-47f8-887b-2d444337a9c0] INFO  o.e.m.i.launch.MavenLaunchDelegate - C:\Users\lenovo\Desktop\Vois_Tasks\Task1
2022-12-01 19:13:01,165 [Worker-21: Launching mavenrun-2a97a677-c78e-47f8-887b-2d444337a9c0] INFO  o.e.m.i.launch.MavenLaunchDelegate -  mvn -DarchetypeVersion=1.1 -Dpackage=task.test -DarchetypeGroupId=org.apache.maven.archetypes -DarchetypeArtifactId=maven-archetype-quickstart -DgroupId=task -DartifactId=test -DoutputDirectory=C:\Users\lenovo\Desktop\Vois_Tasks\Task1 -Dversion=0.0.1-SNAPSHOT -Dstyle.color=always -U archetype:generate -f C:\Users\lenovo\Desktop\Vois_Tasks\Task1\pom9310531881450481355.xml
2022-12-01 19:14:01,691 [Worker-22: Searching...] INFO  o.e.m.c.i.e.AbstractTransferListenerAdapter - Downloading https://repo.maven.apache.org/maven2/io/takari/m2e/workspace/org.eclipse.m2e.workspace.cli/0.3.1/org.eclipse.m2e.workspace.cli-0.3.1-sources.jar
2022-12-01 19:14:02,191 [Worker-22: Searching...] INFO  o.e.m.c.i.e.AbstractTransferListenerAdapter - Downloaded https://repo.maven.apache.org/maven2/io/takari/m2e/workspace/org.eclipse.m2e.workspace.cli/0.3.1/org.eclipse.m2e.workspace.cli-0.3.1-sources.jar
2022-12-01 19:14:02,758 [Worker-22: Searching...] INFO  o.e.m.c.i.e.AbstractTransferListenerAdapter - Downloading https://repo.maven.apache.org/maven2/org/codehaus/plexus/plexus-classworlds/2.6.0/plexus-classworlds-2.6.0-sources.jar
2022-12-01 19:14:02,963 [Worker-22: Searching...] INFO  o.e.m.c.i.e.AbstractTransferListenerAdapter - Downloaded https://repo.maven.apache.org/maven2/org/codehaus/plexus/plexus-classworlds/2.6.0/plexus-classworlds-2.6.0-sources.jar
2022-12-01 19:14:05,669 [Worker-22: Searching...] INFO  o.e.m.c.i.e.AbstractTransferListenerAdapter - Downloading https://repo.maven.apache.org/maven2/io/takari/aether/aether-connector-okhttp/0.17.8/aether-connector-okhttp-0.17.8-sources.jar
2022-12-01 19:14:06,087 [Worker-22: Searching...] INFO  o.e.m.c.i.e.AbstractTransferListenerAdapter - Downloaded https://repo.maven.apache.org/maven2/io/takari/aether/aether-connector-okhttp/0.17.8/aether-connector-okhttp-0.17.8-sources.jar
2022-12-01 19:14:06,438 [Worker-22: Searching...] INFO  o.e.m.c.i.e.AbstractTransferListenerAdapter - Downloading https://repo.maven.apache.org/maven2/commons-cli/commons-cli/1.4/commons-cli-1.4-sources.jar
2022-12-01 19:14:06,651 [Worker-22: Searching...] INFO  o.e.m.c.i.e.AbstractTransferListenerAdapter - Downloaded https://repo.maven.apache.org/maven2/commons-cli/commons-cli/1.4/commons-cli-1.4-sources.jar
2022-12-01 19:14:07,530 [Worker-22: Searching...] INFO  o.e.m.c.i.e.AbstractTransferListenerAdapter - Downloading https://repo.maven.apache.org/maven2/org/apache/commons/commons-lang3/3.8.1/commons-lang3-3.8.1-sources.jar
2022-12-01 19:14:08,539 [Worker-22: Searching...] INFO  o.e.m.c.i.e.AbstractTransferListenerAdapter - Downloaded https://repo.maven.apache.org/maven2/org/apache/commons/commons-lang3/3.8.1/commons-lang3-3.8.1-sources.jar
2022-12-01 19:14:09,150 [Worker-22: Searching...] INFO  o.e.m.c.i.e.AbstractTransferListenerAdapter - Downloading https://repo.maven.apache.org/maven2/org/fusesource/jansi/jansi/2.4.0/jansi-2.4.0-sources.jar
2022-12-01 19:14:09,874 [Worker-22: Searching...] INFO  o.e.m.c.i.e.AbstractTransferListenerAdapter - Downloaded https://repo.maven.apache.org/maven2/org/fusesource/jansi/jansi/2.4.0/jansi-2.4.0-sources.jar
2022-12-01 19:14:10,818 [Worker-22: Searching...] INFO  o.e.m.c.i.e.AbstractTransferListenerAdapter - Downloading https://repo.maven.apache.org/maven2/javax/annotation/javax.annotation-api/1.2/javax.annotation-api-1.2-sources.jar
2022-12-01 19:14:11,350 [Worker-22: Searching...] INFO  o.e.m.c.i.e.AbstractTransferListenerAdapter - Downloaded https://repo.maven.apache.org/maven2/javax/annotation/javax.annotation-api/1.2/javax.annotation-api-1.2-sources.jar
2022-12-01 19:14:12,159 [Worker-22: Searching...] INFO  o.e.m.c.i.e.AbstractTransferListenerAdapter - Downloading https://repo.maven.apache.org/maven2/org/apache/maven/maven-artifact/3.8.6/maven-artifact-3.8.6-sources.jar
2022-12-01 19:14:15,112 [Worker-22: Searching...] INFO  o.e.m.c.i.e.AbstractTransferListenerAdapter - Downloaded https://repo.maven.apache.org/maven2/org/apache/maven/maven-artifact/3.8.6/maven-artifact-3.8.6-sources.jar
2022-12-01 19:14:16,001 [Worker-22: Searching...] INFO  o.e.m.c.i.e.AbstractTransferListenerAdapter - Downloading https://repo.maven.apache.org/maven2/org/apache/maven/maven-builder-support/3.8.6/maven-builder-support-3.8.6-sources.jar
2022-12-01 19:14:16,311 [Worker-22: Searching...] INFO  o.e.m.c.i.e.AbstractTransferListenerAdapter - Downloaded https://repo.maven.apache.org/maven2/org/apache/maven/maven-builder-support/3.8.6/maven-builder-support-3.8.6-sources.jar
2022-12-01 19:14:17,141 [Worker-22: Searching...] INFO  o.e.m.c.i.e.AbstractTransferListenerAdapter - Downloading https://repo.maven.apache.org/maven2/org/apache/maven/maven-compat/3.8.6/maven-compat-3.8.6-sources.jar
2022-12-01 19:14:18,716 [Worker-22: Searching...] INFO  o.e.m.c.i.e.AbstractTransferListenerAdapter - Downloaded https://repo.maven.apache.org/maven2/org/apache/maven/maven-compat/3.8.6/maven-compat-3.8.6-sources.jar
2022-12-01 19:14:19,441 [Worker-22: Searching...] INFO  o.e.m.c.i.e.AbstractTransferListenerAdapter - Downloading https://repo.maven.apache.org/maven2/org/apache/maven/maven-core/3.8.6/maven-core-3.8.6-sources.jar
2022-12-01 19:14:20,235 [Worker-22: Searching...] INFO  o.e.m.c.i.e.AbstractTransferListenerAdapter - Downloaded https://repo.maven.apache.org/maven2/org/apache/maven/maven-core/3.8.6/maven-core-3.8.6-sources.jar
2022-12-01 19:14:20,701 [Worker-22: Searching...] INFO  o.e.m.c.i.e.AbstractTransferListenerAdapter - Downloading https://repo.maven.apache.org/maven2/org/apache/maven/maven-embedder/3.8.6/maven-embedder-3.8.6-sources.jar
2022-12-01 19:14:20,958 [Worker-22: Searching...] INFO  o.e.m.c.i.e.AbstractTransferListenerAdapter - Downloaded https://repo.maven.apache.org/maven2/org/apache/maven/maven-embedder/3.8.6/maven-embedder-3.8.6-sources.jar
2022-12-01 19:14:21,744 [Worker-22: Searching...] INFO  o.e.m.c.i.e.AbstractTransferListenerAdapter - Downloading https://repo.maven.apache.org/maven2/org/apache/maven/maven-model/3.8.6/maven-model-3.8.6-sources.jar
2022-12-01 19:14:22,285 [Worker-22: Searching...] INFO  o.e.m.c.i.e.AbstractTransferListenerAdapter - Downloaded https://repo.maven.apache.org/maven2/org/apache/maven/maven-model/3.8.6/maven-model-3.8.6-sources.jar
2022-12-01 19:14:22,749 [Worker-22: Searching...] INFO  o.e.m.c.i.e.AbstractTransferListenerAdapter - Downloading https://repo.maven.apache.org/maven2/org/apache/maven/maven-model-builder/3.8.6/maven-model-builder-3.8.6-sources.jar
2022-12-01 19:14:23,044 [Worker-22: Searching...] INFO  o.e.m.c.i.e.AbstractTransferListenerAdapter - Downloaded https://repo.maven.apache.org/maven2/org/apache/maven/maven-model-builder/3.8.6/maven-model-builder-3.8.6-sources.jar
2022-12-01 19:14:23,793 [Worker-22: Searching...] INFO  o.e.m.c.i.e.AbstractTransferListenerAdapter - Downloading https://repo.maven.apache.org/maven2/org/apache/maven/maven-plugin-api/3.8.6/maven-plugin-api-3.8.6-sources.jar
2022-12-01 19:14:24,074 [Worker-22: Searching...] INFO  o.e.m.c.i.e.AbstractTransferListenerAdapter - Downloaded https://repo.maven.apache.org/maven2/org/apache/maven/maven-plugin-api/3.8.6/maven-plugin-api-3.8.6-sources.jar
2022-12-01 19:14:24,479 [Worker-22: Searching...] INFO  o.e.m.c.i.e.AbstractTransferListenerAdapter - Downloading https://repo.maven.apache.org/maven2/org/apache/maven/maven-repository-metadata/3.8.6/maven-repository-metadata-3.8.6-sources.jar
2022-12-01 19:14:24,728 [Worker-22: Searching...] INFO  o.e.m.c.i.e.AbstractTransferListenerAdapter - Downloaded https://repo.maven.apache.org/maven2/org/apache/maven/maven-repository-metadata/3.8.6/maven-repository-metadata-3.8.6-sources.jar
2022-12-01 19:14:25,532 [Worker-22: Searching...] INFO  o.e.m.c.i.e.AbstractTransferListenerAdapter - Downloading https://repo.maven.apache.org/maven2/org/apache/maven/resolver/maven-resolver-api/1.6.3/maven-resolver-api-1.6.3-sources.jar
2022-12-01 19:14:26,119 [Worker-22: Searching...] INFO  o.e.m.c.i.e.AbstractTransferListenerAdapter - Downloaded https://repo.maven.apache.org/maven2/org/apache/maven/resolver/maven-resolver-api/1.6.3/maven-resolver-api-1.6.3-sources.jar
2022-12-01 19:14:26,800 [Worker-22: Searching...] INFO  o.e.m.c.i.e.AbstractTransferListenerAdapter - Downloading https://repo.maven.apache.org/maven2/org/apache/maven/resolver/maven-resolver-connector-basic/1.6.3/maven-resolver-connector-basic-1.6.3-sources.jar
2022-12-01 19:14:27,350 [Worker-22: Searching...] INFO  o.e.m.c.i.e.AbstractTransferListenerAdapter - Downloaded https://repo.maven.apache.org/maven2/org/apache/maven/resolver/maven-resolver-connector-basic/1.6.3/maven-resolver-connector-basic-1.6.3-sources.jar
2022-12-01 19:14:28,707 [Worker-22: Searching...] INFO  o.e.m.c.i.e.AbstractTransferListenerAdapter - Downloading https://repo.maven.apache.org/maven2/org/apache/maven/resolver/maven-resolver-impl/1.6.3/maven-resolver-impl-1.6.3-sources.jar
2022-12-01 19:14:29,576 [Worker-22: Searching...] INFO  o.e.m.c.i.e.AbstractTransferListenerAdapter - Downloaded https://repo.maven.apache.org/maven2/org/apache/maven/resolver/maven-resolver-impl/1.6.3/maven-resolver-impl-1.6.3-sources.jar
2022-12-01 19:14:31,356 [Worker-22: Searching...] INFO  o.e.m.c.i.e.AbstractTransferListenerAdapter - Downloading https://repo.maven.apache.org/maven2/org/apache/maven/maven-resolver-provider/3.8.6/maven-resolver-provider-3.8.6-sources.jar
2022-12-01 19:14:31,870 [Worker-22: Searching...] INFO  o.e.m.c.i.e.AbstractTransferListenerAdapter - Downloaded https://repo.maven.apache.org/maven2/org/apache/maven/maven-resolver-provider/3.8.6/maven-resolver-provider-3.8.6-sources.jar
2022-12-01 19:14:32,507 [Worker-22: Searching...] INFO  o.e.m.c.i.e.AbstractTransferListenerAdapter - Downloading https://repo.maven.apache.org/maven2/org/apache/maven/resolver/maven-resolver-spi/1.6.3/maven-resolver-spi-1.6.3-sources.jar
2022-12-01 19:14:32,971 [Worker-22: Searching...] INFO  o.e.m.c.i.e.AbstractTransferListenerAdapter - Downloaded https://repo.maven.apache.org/maven2/org/apache/maven/resolver/maven-resolver-spi/1.6.3/maven-resolver-spi-1.6.3-sources.jar
2022-12-01 19:14:34,588 [Worker-22: Searching...] INFO  o.e.m.c.i.e.AbstractTransferListenerAdapter - Downloading https://repo.maven.apache.org/maven2/org/apache/maven/resolver/maven-resolver-transport-wagon/1.6.3/maven-resolver-transport-wagon-1.6.3-sources.jar
2022-12-01 19:14:34,876 [Worker-22: Searching...] INFO  o.e.m.c.i.e.AbstractTransferListenerAdapter - Downloaded https://repo.maven.apache.org/maven2/org/apache/maven/resolver/maven-resolver-transport-wagon/1.6.3/maven-resolver-transport-wagon-1.6.3-sources.jar
2022-12-01 19:14:35,237 [Worker-22: Searching...] INFO  o.e.m.c.i.e.AbstractTransferListenerAdapter - Downloading https://repo.maven.apache.org/maven2/org/apache/maven/resolver/maven-resolver-util/1.6.3/maven-resolver-util-1.6.3-sources.jar
2022-12-01 19:14:35,827 [Worker-22: Searching...] INFO  o.e.m.c.i.e.AbstractTransferListenerAdapter - Downloaded https://repo.maven.apache.org/maven2/org/apache/maven/resolver/maven-resolver-util/1.6.3/maven-resolver-util-1.6.3-sources.jar
2022-12-01 19:14:36,709 [Worker-22: Searching...] INFO  o.e.m.c.i.e.AbstractTransferListenerAdapter - Downloading https://repo.maven.apache.org/maven2/org/apache/maven/maven-settings/3.8.6/maven-settings-3.8.6-sources.jar
2022-12-01 19:14:37,208 [Worker-22: Searching...] INFO  o.e.m.c.i.e.AbstractTransferListenerAdapter - Downloaded https://repo.maven.apache.org/maven2/org/apache/maven/maven-settings/3.8.6/maven-settings-3.8.6-sources.jar
2022-12-01 19:14:39,548 [Worker-22: Searching...] INFO  o.e.m.c.i.e.AbstractTransferListenerAdapter - Downloading https://repo.maven.apache.org/maven2/org/apache/maven/maven-settings-builder/3.8.6/maven-settings-builder-3.8.6-sources.jar
2022-12-01 19:14:40,137 [Worker-22: Searching...] INFO  o.e.m.c.i.e.AbstractTransferListenerAdapter - Downloaded https://repo.maven.apache.org/maven2/org/apache/maven/maven-settings-builder/3.8.6/maven-settings-builder-3.8.6-sources.jar
2022-12-01 19:14:41,652 [Worker-22: Searching...] INFO  o.e.m.c.i.e.AbstractTransferListenerAdapter - Downloading https://repo.maven.apache.org/maven2/org/apache/maven/shared/maven-shared-utils/3.3.4/maven-shared-utils-3.3.4-sources.jar
2022-12-01 19:14:42,863 [Worker-22: Searching...] INFO  o.e.m.c.i.e.AbstractTransferListenerAdapter - Downloaded https://repo.maven.apache.org/maven2/org/apache/maven/shared/maven-shared-utils/3.3.4/maven-shared-utils-3.3.4-sources.jar
2022-12-01 19:14:43,615 [Worker-22: Searching...] INFO  o.e.m.c.i.e.AbstractTransferListenerAdapter - Downloading https://repo.maven.apache.org/maven2/com/squareup/okhttp3/okhttp/3.14.1/okhttp-3.14.1-sources.jar
2022-12-01 19:14:44,710 [Worker-22: Searching...] INFO  o.e.m.c.i.e.AbstractTransferListenerAdapter - Downloaded https://repo.maven.apache.org/maven2/com/squareup/okhttp3/okhttp/3.14.1/okhttp-3.14.1-sources.jar
2022-12-01 19:14:45,816 [Worker-22: Searching...] INFO  o.e.m.c.i.e.AbstractTransferListenerAdapter - Downloading https://repo.maven.apache.org/maven2/com/squareup/okio/okio/1.17.3/okio-1.17.3-sources.jar
2022-12-01 19:14:47,540 [Worker-22: Searching...] INFO  o.e.m.c.i.e.AbstractTransferListenerAdapter - Downloaded https://repo.maven.apache.org/maven2/com/squareup/okio/okio/1.17.3/okio-1.17.3-sources.jar
2022-12-01 19:14:49,067 [Worker-22: Searching...] INFO  o.e.m.c.i.e.AbstractTransferListenerAdapter - Downloading https://repo.maven.apache.org/maven2/org/codehaus/plexus/plexus-cipher/2.0/plexus-cipher-2.0-sources.jar
2022-12-01 19:14:49,932 [Worker-22: Searching...] INFO  o.e.m.c.i.e.AbstractTransferListenerAdapter - Downloaded https://repo.maven.apache.org/maven2/org/codehaus/plexus/plexus-cipher/2.0/plexus-cipher-2.0-sources.jar
2022-12-01 19:14:50,878 [Worker-22: Searching...] INFO  o.e.m.c.i.e.AbstractTransferListenerAdapter - Downloading https://repo.maven.apache.org/maven2/org/codehaus/plexus/plexus-component-annotations/2.1.0/plexus-component-annotations-2.1.0-sources.jar
2022-12-01 19:14:51,352 [Worker-22: Searching...] INFO  o.e.m.c.i.e.AbstractTransferListenerAdapter - Downloaded https://repo.maven.apache.org/maven2/org/codehaus/plexus/plexus-component-annotations/2.1.0/plexus-component-annotations-2.1.0-sources.jar
2022-12-01 19:14:51,948 [Worker-22: Searching...] INFO  o.e.m.c.i.e.AbstractTransferListenerAdapter - Downloading https://repo.maven.apache.org/maven2/org/codehaus/plexus/plexus-interpolation/1.26/plexus-interpolation-1.26-sources.jar
2022-12-01 19:14:52,306 [Worker-22: Searching...] INFO  o.e.m.c.i.e.AbstractTransferListenerAdapter - Downloaded https://repo.maven.apache.org/maven2/org/codehaus/plexus/plexus-interpolation/1.26/plexus-interpolation-1.26-sources.jar
2022-12-01 19:14:53,516 [Worker-22: Searching...] INFO  o.e.m.c.i.e.AbstractTransferListenerAdapter - Downloading https://repo.maven.apache.org/maven2/org/codehaus/plexus/plexus-sec-dispatcher/2.0/plexus-sec-dispatcher-2.0-sources.jar
2022-12-01 19:14:53,838 [Worker-22: Searching...] INFO  o.e.m.c.i.e.AbstractTransferListenerAdapter - Downloaded https://repo.maven.apache.org/maven2/org/codehaus/plexus/plexus-sec-dispatcher/2.0/plexus-sec-dispatcher-2.0-sources.jar
2022-12-01 19:14:54,593 [Worker-22: Searching...] INFO  o.e.m.c.i.e.AbstractTransferListenerAdapter - Downloading https://repo.maven.apache.org/maven2/org/codehaus/plexus/plexus-utils/3.3.1/plexus-utils-3.3.1-sources.jar
2022-12-01 19:14:55,899 [Worker-22: Searching...] INFO  o.e.m.c.i.e.AbstractTransferListenerAdapter - Downloaded https://repo.maven.apache.org/maven2/org/codehaus/plexus/plexus-utils/3.3.1/plexus-utils-3.3.1-sources.jar
2022-12-01 19:14:56,859 [Worker-22: Searching...] INFO  o.e.m.c.i.e.AbstractTransferListenerAdapter - Downloading https://repo.maven.apache.org/maven2/org/apache/maven/wagon/wagon-file/3.5.1/wagon-file-3.5.1-sources.jar
2022-12-01 19:14:57,433 [Worker-22: Searching...] INFO  o.e.m.c.i.e.AbstractTransferListenerAdapter - Downloaded https://repo.maven.apache.org/maven2/org/apache/maven/wagon/wagon-file/3.5.1/wagon-file-3.5.1-sources.jar
2022-12-01 19:14:58,821 [Worker-22: Searching...] INFO  o.e.m.c.i.e.AbstractTransferListenerAdapter - Downloading https://repo.maven.apache.org/maven2/org/apache/maven/wagon/wagon-provider-api/3.5.1/wagon-provider-api-3.5.1-sources.jar
2022-12-01 19:14:59,367 [Worker-22: Searching...] INFO  o.e.m.c.i.e.AbstractTransferListenerAdapter - Downloaded https://repo.maven.apache.org/maven2/org/apache/maven/wagon/wagon-provider-api/3.5.1/wagon-provider-api-3.5.1-sources.jar
2022-12-01 19:14:59,782 [Worker-22: Searching...] INFO  o.e.m.c.i.e.AbstractTransferListenerAdapter - Downloading https://repo.maven.apache.org/maven2/org/apache/maven/maven-slf4j-provider/3.8.6/maven-slf4j-provider-3.8.6-sources.jar
2022-12-01 19:14:59,912 [Worker-22: Searching...] INFO  o.e.m.c.i.e.AbstractTransferListenerAdapter - Downloaded https://repo.maven.apache.org/maven2/org/apache/maven/maven-slf4j-provider/3.8.6/maven-slf4j-provider-3.8.6-sources.jar
2022-12-01 19:15:00,438 [Worker-22: Searching...] INFO  o.e.m.c.i.e.AbstractTransferListenerAdapter - Downloading https://repo.maven.apache.org/maven2/org/apache/maven/archetype/archetype-catalog/3.2.1/archetype-catalog-3.2.1-sources.jar
2022-12-01 19:15:00,598 [Worker-22: Searching...] INFO  o.e.m.c.i.e.AbstractTransferListenerAdapter - Downloaded https://repo.maven.apache.org/maven2/org/apache/maven/archetype/archetype-catalog/3.2.1/archetype-catalog-3.2.1-sources.jar
2022-12-01 19:15:00,967 [Worker-22: Searching...] INFO  o.e.m.c.i.e.AbstractTransferListenerAdapter - Downloading https://repo.maven.apache.org/maven2/org/apache/maven/archetype/archetype-common/3.2.1/archetype-common-3.2.1-sources.jar
2022-12-01 19:15:01,375 [Worker-22: Searching...] INFO  o.e.m.c.i.e.AbstractTransferListenerAdapter - Downloaded https://repo.maven.apache.org/maven2/org/apache/maven/archetype/archetype-common/3.2.1/archetype-common-3.2.1-sources.jar
2022-12-01 19:15:01,675 [Worker-22: Searching...] INFO  o.e.m.c.i.e.AbstractTransferListenerAdapter - Downloading https://repo.maven.apache.org/maven2/org/apache/maven/archetype/archetype-descriptor/3.2.1/archetype-descriptor-3.2.1-sources.jar
2022-12-01 19:15:01,809 [Worker-22: Searching...] INFO  o.e.m.c.i.e.AbstractTransferListenerAdapter - Downloaded https://repo.maven.apache.org/maven2/org/apache/maven/archetype/archetype-descriptor/3.2.1/archetype-descriptor-3.2.1-sources.jar
2022-12-01 19:15:02,901 [Worker-22: Searching...] INFO  o.e.m.c.i.e.AbstractTransferListenerAdapter - Downloading https://repo.maven.apache.org/maven2/org/apache/maven/shared/maven-artifact-transfer/0.13.1/maven-artifact-transfer-0.13.1-sources.jar
2022-12-01 19:15:03,120 [Worker-22: Searching...] INFO  o.e.m.c.i.e.AbstractTransferListenerAdapter - Downloaded https://repo.maven.apache.org/maven2/org/apache/maven/shared/maven-artifact-transfer/0.13.1/maven-artifact-transfer-0.13.1-sources.jar
2022-12-01 19:15:03,800 [Worker-22: Searching...] INFO  o.e.m.c.i.e.AbstractTransferListenerAdapter - Downloading https://repo.maven.apache.org/maven2/org/osgi/org.osgi.service.prefs/1.1.2/org.osgi.service.prefs-1.1.2-sources.jar
2022-12-01 19:15:04,074 [Worker-22: Searching...] INFO  o.e.m.c.i.e.AbstractTransferListenerAdapter - Downloaded https://repo.maven.apache.org/maven2/org/osgi/org.osgi.service.prefs/1.1.2/org.osgi.service.prefs-1.1.2-sources.jar
2022-12-01 19:15:04,632 [Worker-22: Searching...] INFO  o.e.m.c.i.e.AbstractTransferListenerAdapter - Downloading https://repo.maven.apache.org/maven2/org/osgi/org.osgi.service.event/1.4.1/org.osgi.service.event-1.4.1-sources.jar
2022-12-01 19:15:04,781 [Worker-22: Searching...] INFO  o.e.m.c.i.e.AbstractTransferListenerAdapter - Downloaded https://repo.maven.apache.org/maven2/org/osgi/org.osgi.service.event/1.4.1/org.osgi.service.event-1.4.1-sources.jar
2022-12-01 19:15:06,227 [Worker-22: Searching...] INFO  o.e.m.c.i.e.AbstractTransferListenerAdapter - Downloading https://repo.maven.apache.org/maven2/org/osgi/org.osgi.service.cm/1.6.1/org.osgi.service.cm-1.6.1-sources.jar
2022-12-01 19:15:06,439 [Worker-22: Searching...] INFO  o.e.m.c.i.e.AbstractTransferListenerAdapter - Downloaded https://repo.maven.apache.org/maven2/org/osgi/org.osgi.service.cm/1.6.1/org.osgi.service.cm-1.6.1-sources.jar
2022-12-01 19:15:06,795 [Worker-22: Searching...] INFO  o.e.m.c.i.e.AbstractTransferListenerAdapter - Downloading https://repo.maven.apache.org/maven2/org/osgi/org.osgi.service.component/1.5.0/org.osgi.service.component-1.5.0-sources.jar
2022-12-01 19:15:06,925 [Worker-22: Searching...] INFO  o.e.m.c.i.e.AbstractTransferListenerAdapter - Downloaded https://repo.maven.apache.org/maven2/org/osgi/org.osgi.service.component/1.5.0/org.osgi.service.component-1.5.0-sources.jar
2022-12-01 19:15:07,669 [Worker-22: Searching...] INFO  o.e.m.c.i.e.AbstractTransferListenerAdapter - Downloading https://repo.maven.apache.org/maven2/org/osgi/org.osgi.service.device/1.1.1/org.osgi.service.device-1.1.1-sources.jar
2022-12-01 19:15:07,798 [Worker-22: Searching...] INFO  o.e.m.c.i.e.AbstractTransferListenerAdapter - Downloaded https://repo.maven.apache.org/maven2/org/osgi/org.osgi.service.device/1.1.1/org.osgi.service.device-1.1.1-sources.jar
2022-12-01 19:15:08,366 [Worker-22: Searching...] INFO  o.e.m.c.i.e.AbstractTransferListenerAdapter - Downloading https://repo.maven.apache.org/maven2/org/osgi/org.osgi.service.metatype/1.4.1/org.osgi.service.metatype-1.4.1-sources.jar
2022-12-01 19:15:08,476 [Worker-22: Searching...] INFO  o.e.m.c.i.e.AbstractTransferListenerAdapter - Downloaded https://repo.maven.apache.org/maven2/org/osgi/org.osgi.service.metatype/1.4.1/org.osgi.service.metatype-1.4.1-sources.jar
2022-12-01 19:15:08,813 [Worker-22: Searching...] INFO  o.e.m.c.i.e.AbstractTransferListenerAdapter - Downloading https://repo.maven.apache.org/maven2/org/osgi/org.osgi.service.upnp/1.2.1/org.osgi.service.upnp-1.2.1-sources.jar
2022-12-01 19:15:08,950 [Worker-22: Searching...] INFO  o.e.m.c.i.e.AbstractTransferListenerAdapter - Downloaded https://repo.maven.apache.org/maven2/org/osgi/org.osgi.service.upnp/1.2.1/org.osgi.service.upnp-1.2.1-sources.jar
2022-12-01 19:15:09,868 [Worker-22: Searching...] INFO  o.e.m.c.i.e.AbstractTransferListenerAdapter - Downloading https://repo.maven.apache.org/maven2/org/osgi/org.osgi.service.useradmin/1.1.1/org.osgi.service.useradmin-1.1.1-sources.jar
2022-12-01 19:15:10,188 [Worker-22: Searching...] INFO  o.e.m.c.i.e.AbstractTransferListenerAdapter - Downloaded https://repo.maven.apache.org/maven2/org/osgi/org.osgi.service.useradmin/1.1.1/org.osgi.service.useradmin-1.1.1-sources.jar
2022-12-01 19:15:10,586 [Worker-22: Searching...] INFO  o.e.m.c.i.e.AbstractTransferListenerAdapter - Downloading https://repo.maven.apache.org/maven2/org/osgi/org.osgi.service.wireadmin/1.0.2/org.osgi.service.wireadmin-1.0.2-sources.jar
2022-12-01 19:15:10,770 [Worker-22: Searching...] INFO  o.e.m.c.i.e.AbstractTransferListenerAdapter - Downloaded https://repo.maven.apache.org/maven2/org/osgi/org.osgi.service.wireadmin/1.0.2/org.osgi.service.wireadmin-1.0.2-sources.jar
2022-12-01 19:15:11,208 [Worker-22: Searching...] INFO  o.e.m.c.i.e.AbstractTransferListenerAdapter - Downloading https://repo.maven.apache.org/maven2/jakarta/servlet/jakarta.servlet-api/4.0.4/jakarta.servlet-api-4.0.4-sources.jar
2022-12-01 19:15:11,619 [Worker-22: Searching...] INFO  o.e.m.c.i.e.AbstractTransferListenerAdapter - Downloaded https://repo.maven.apache.org/maven2/jakarta/servlet/jakarta.servlet-api/4.0.4/jakarta.servlet-api-4.0.4-sources.jar
2022-12-01 19:15:12,090 [Worker-22: Searching...] INFO  o.e.m.c.i.e.AbstractTransferListenerAdapter - Downloading https://repo.maven.apache.org/maven2/org/osgi/org.osgi.util.promise/1.2.0/org.osgi.util.promise-1.2.0-sources.jar
2022-12-01 19:15:12,593 [Worker-22: Searching...] INFO  o.e.m.c.i.e.AbstractTransferListenerAdapter - Downloaded https://repo.maven.apache.org/maven2/org/osgi/org.osgi.util.promise/1.2.0/org.osgi.util.promise-1.2.0-sources.jar
2022-12-01 19:15:13,237 [Worker-22: Searching...] INFO  o.e.m.c.i.e.AbstractTransferListenerAdapter - Downloading https://repo.maven.apache.org/maven2/org/osgi/org.osgi.util.function/1.2.0/org.osgi.util.function-1.2.0-sources.jar
2022-12-01 19:15:13,465 [Worker-22: Searching...] INFO  o.e.m.c.i.e.AbstractTransferListenerAdapter - Downloaded https://repo.maven.apache.org/maven2/org/osgi/org.osgi.util.function/1.2.0/org.osgi.util.function-1.2.0-sources.jar
2022-12-01 19:15:13,890 [Worker-22: Searching...] INFO  o.e.m.c.i.e.AbstractTransferListenerAdapter - Downloading https://repo.maven.apache.org/maven2/org/osgi/org.osgi.util.measurement/1.0.2/org.osgi.util.measurement-1.0.2-sources.jar
2022-12-01 19:15:14,067 [Worker-22: Searching...] INFO  o.e.m.c.i.e.AbstractTransferListenerAdapter - Downloaded https://repo.maven.apache.org/maven2/org/osgi/org.osgi.util.measurement/1.0.2/org.osgi.util.measurement-1.0.2-sources.jar
2022-12-01 19:15:14,562 [Worker-22: Searching...] INFO  o.e.m.c.i.e.AbstractTransferListenerAdapter - Downloading https://repo.maven.apache.org/maven2/org/osgi/org.osgi.util.xml/1.0.2/org.osgi.util.xml-1.0.2-sources.jar
2022-12-01 19:15:14,764 [Worker-22: Searching...] INFO  o.e.m.c.i.e.AbstractTransferListenerAdapter - Downloaded https://repo.maven.apache.org/maven2/org/osgi/org.osgi.util.xml/1.0.2/org.osgi.util.xml-1.0.2-sources.jar
2022-12-01 19:18:37,230 [Worker-5: Loading available Gradle versions] INFO  o.e.b.c.i.u.g.PublishedGradleVersions - Gradle version information cache is up-to-date. Trying to read.
2022-12-01 19:20:22,795 [Worker-1: Loading available Gradle versions] INFO  o.e.b.c.i.u.g.PublishedGradleVersions - Gradle version information cache is up-to-date. Trying to read.
2022-12-01 19:21:12,738 [Worker-17: Retrieving catalog resource] INFO  o.a.h.c.h.i.c.HttpRequestRetryExec - Recoverable I/O exception (org.apache.hc.core5.http.NoHttpResponseException) caught when processing request to {s}->https://marketplace.eclipse.org:443
2022-12-01 19:21:12,738 [Worker-12: Retrieving catalog resource] INFO  o.a.h.c.h.i.c.HttpRequestRetryExec - Recoverable I/O exception (org.apache.hc.core5.http.NoHttpResponseException) caught when processing request to {s}->https://marketplace.eclipse.org:443
2022-12-01 19:21:13,068 [Worker-10: Retrieving catalog resource] INFO  o.a.h.c.h.i.c.HttpRequestRetryExec - Recoverable I/O exception (org.apache.hc.core5.http.NoHttpResponseException) caught when processing request to {s}->https://marketplace.eclipse.org:443
2022-12-01 19:29:13,052 [Worker-31: Enabling Maven Dependency Management] INFO  o.e.m.c.i.l.LifecycleMappingFactory - Using org.eclipse.m2e.jdt.JarLifecycleMapping lifecycle mapping for MavenProject: tet:tet:0.0.1-SNAPSHOT @ C:\Users\lenovo\Desktop\Vois_Tasks\Task1\tet\pom.xml.
2022-12-01 19:29:13,794 [Worker-31: Enabling Maven Dependency Management] INFO  o.e.m.j.i.AbstractJavaProjectConfigurator - Adding source folder /tet/src
2022-12-01 19:29:13,795 [Worker-31: Enabling Maven Dependency Management] INFO  o.e.m.j.i.AbstractJavaProjectConfigurator - Not adding source folder /tet/src/test/java because it overlaps with /tet/src
2022-12-01 19:29:13,935 [Worker-31: Enabling Maven Dependency Management] INFO  o.e.m.c.i.p.ProjectConfigurationManager - Update started
2022-12-01 19:29:14,350 [Worker-31: Enabling Maven Dependency Management] INFO  o.e.m.c.i.l.LifecycleMappingFactory - Using org.eclipse.m2e.jdt.JarLifecycleMapping lifecycle mapping for MavenProject: tet:tet:0.0.1-SNAPSHOT @ C:\Users\lenovo\Desktop\Vois_Tasks\Task1\tet\pom.xml.
2022-12-01 19:29:14,579 [Worker-31: Enabling Maven Dependency Management] INFO  o.e.m.j.i.AbstractJavaProjectConfigurator - Adding source folder /tet/src
2022-12-01 19:29:14,581 [Worker-31: Enabling Maven Dependency Management] INFO  o.e.m.j.i.AbstractJavaProjectConfigurator - Not adding source folder /tet/src/test/java because it overlaps with /tet/src
2022-12-01 19:29:14,647 [Worker-31: Enabling Maven Dependency Management] INFO  o.e.m.c.i.p.ProjectConfigurationManager - Update completed for 1 poms: local refresh takes 0.00 sec, refresh facades takes 0.00 sec, update config takes 0.00 sec 
2022-12-01 19:29:14,790 [Worker-30: Building] WARN  o.e.m.c.i.embedder.EclipseLogger - Using platform encoding (Cp1252 actually) to copy filtered resources, i.e. build is platform dependent!
2022-12-01 19:29:14,792 [Worker-30: Building] INFO  o.e.m.c.i.embedder.EclipseLogger - skip non existing resourceDirectory C:\Users\lenovo\Desktop\Vois_Tasks\Task1\tet\src\main\resources
2022-12-01 19:29:14,796 [Worker-30: Building] WARN  o.e.m.c.i.embedder.EclipseLogger - Using platform encoding (Cp1252 actually) to copy filtered resources, i.e. build is platform dependent!
2022-12-01 19:29:14,797 [Worker-30: Building] INFO  o.e.m.c.i.embedder.EclipseLogger - skip non existing resourceDirectory C:\Users\lenovo\Desktop\Vois_Tasks\Task1\tet\src\test\resources
2022-12-01 19:29:54,753 [Worker-31: Enabling Maven Dependency Management] INFO  o.e.m.c.i.l.LifecycleMappingFactory - Using org.eclipse.m2e.jdt.JarLifecycleMapping lifecycle mapping for MavenProject: task1:task1:0.0.1-SNAPSHOT @ C:\Users\lenovo\Desktop\Vois_Tasks\Task1\task1\pom.xml.
2022-12-01 19:29:55,431 [Worker-26: Building] WARN  o.e.m.c.i.embedder.EclipseLogger - Using platform encoding (Cp1252 actually) to copy filtered resources, i.e. build is platform dependent!
2022-12-01 19:29:55,433 [Worker-26: Building] INFO  o.e.m.c.i.embedder.EclipseLogger - skip non existing resourceDirectory C:\Users\lenovo\Desktop\Vois_Tasks\Task1\task1\src\main\resources
2022-12-01 19:29:55,440 [Worker-26: Building] WARN  o.e.m.c.i.embedder.EclipseLogger - Using platform encoding (Cp1252 actually) to copy filtered resources, i.e. build is platform dependent!
2022-12-01 19:29:55,442 [Worker-26: Building] INFO  o.e.m.c.i.embedder.EclipseLogger - skip non existing resourceDirectory C:\Users\lenovo\Desktop\Vois_Tasks\Task1\task1\src\test\resources
2022-12-01 19:29:55,846 [Worker-31: Enabling Maven Dependency Management] INFO  o.e.m.j.i.AbstractJavaProjectConfigurator - Adding source folder /task1/src
2022-12-01 19:29:55,849 [Worker-31: Enabling Maven Dependency Management] INFO  o.e.m.j.i.AbstractJavaProjectConfigurator - Not adding source folder /task1/src/test/java because it overlaps with /task1/src
2022-12-01 19:29:55,971 [Worker-31: Enabling Maven Dependency Management] INFO  o.e.m.c.i.p.ProjectConfigurationManager - Update started
2022-12-01 19:29:56,379 [Worker-31: Enabling Maven Dependency Management] INFO  o.e.m.c.i.l.LifecycleMappingFactory - Using org.eclipse.m2e.jdt.JarLifecycleMapping lifecycle mapping for MavenProject: task1:task1:0.0.1-SNAPSHOT @ C:\Users\lenovo\Desktop\Vois_Tasks\Task1\task1\pom.xml.
2022-12-01 19:29:56,605 [Worker-31: Enabling Maven Dependency Management] INFO  o.e.m.j.i.AbstractJavaProjectConfigurator - Adding source folder /task1/src
2022-12-01 19:29:56,608 [Worker-31: Enabling Maven Dependency Management] INFO  o.e.m.j.i.AbstractJavaProjectConfigurator - Not adding source folder /task1/src/test/java because it overlaps with /task1/src
2022-12-01 19:29:56,653 [Worker-31: Enabling Maven Dependency Management] INFO  o.e.m.c.i.p.ProjectConfigurationManager - Update completed for 1 poms: local refresh takes 0.00 sec, refresh facades takes 0.00 sec, update config takes 0.00 sec 
2022-12-01 19:29:56,941 [Worker-27: Building] WARN  o.e.m.c.i.embedder.EclipseLogger - Using platform encoding (Cp1252 actually) to copy filtered resources, i.e. build is platform dependent!
2022-12-01 19:29:56,943 [Worker-27: Building] INFO  o.e.m.c.i.embedder.EclipseLogger - skip non existing resourceDirectory C:\Users\lenovo\Desktop\Vois_Tasks\Task1\task1\src\main\resources
2022-12-01 19:29:56,947 [Worker-27: Building] WARN  o.e.m.c.i.embedder.EclipseLogger - Using platform encoding (Cp1252 actually) to copy filtered resources, i.e. build is platform dependent!
2022-12-01 19:29:56,949 [Worker-27: Building] INFO  o.e.m.c.i.embedder.EclipseLogger - skip non existing resourceDirectory C:\Users\lenovo\Desktop\Vois_Tasks\Task1\task1\src\test\resources
2022-12-01 19:34:44,357 [Worker-34: Building] WARN  o.e.m.c.i.embedder.EclipseLogger - Using platform encoding (Cp1252 actually) to copy filtered resources, i.e. build is platform dependent!
2022-12-01 19:34:44,360 [Worker-34: Building] INFO  o.e.m.c.i.embedder.EclipseLogger - skip non existing resourceDirectory C:\Users\lenovo\Desktop\Vois_Tasks\Task1\task1\src\main\resources
2022-12-01 19:34:44,367 [Worker-34: Building] WARN  o.e.m.c.i.embedder.EclipseLogger - Using platform encoding (Cp1252 actually) to copy filtered resources, i.e. build is platform dependent!
2022-12-01 19:34:44,369 [Worker-34: Building] INFO  o.e.m.c.i.embedder.EclipseLogger - skip non existing resourceDirectory C:\Users\lenovo\Desktop\Vois_Tasks\Task1\task1\src\test\resources
2022-12-01 19:34:46,365 [Worker-34: Building] WARN  o.e.m.c.i.embedder.EclipseLogger - Using platform encoding (Cp1252 actually) to copy filtered resources, i.e. build is platform dependent!
2022-12-01 19:34:46,367 [Worker-34: Building] INFO  o.e.m.c.i.embedder.EclipseLogger - skip non existing resourceDirectory C:\Users\lenovo\Desktop\Vois_Tasks\Task1\task1\src\main\resources
2022-12-01 19:34:46,372 [Worker-34: Building] WARN  o.e.m.c.i.embedder.EclipseLogger - Using platform encoding (Cp1252 actually) to copy filtered resources, i.e. build is platform dependent!
2022-12-01 19:34:46,373 [Worker-34: Building] INFO  o.e.m.c.i.embedder.EclipseLogger - skip non existing resourceDirectory C:\Users\lenovo\Desktop\Vois_Tasks\Task1\task1\src\test\resources
2022-12-01 19:36:49,135 [Worker-28: Building] WARN  o.e.m.c.i.embedder.EclipseLogger - Using platform encoding (Cp1252 actually) to copy filtered resources, i.e. build is platform dependent!
2022-12-01 19:36:49,137 [Worker-28: Building] INFO  o.e.m.c.i.embedder.EclipseLogger - skip non existing resourceDirectory C:\Users\lenovo\Desktop\Vois_Tasks\Task1\task1\src\main\resources
2022-12-01 19:36:49,141 [Worker-28: Building] WARN  o.e.m.c.i.embedder.EclipseLogger - Using platform encoding (Cp1252 actually) to copy filtered resources, i.e. build is platform dependent!
2022-12-01 19:36:49,142 [Worker-28: Building] INFO  o.e.m.c.i.embedder.EclipseLogger - skip non existing resourceDirectory C:\Users\lenovo\Desktop\Vois_Tasks\Task1\task1\src\test\resources
2022-12-01 19:42:37,078 [Worker-4: Loading available Gradle versions] INFO  o.e.b.c.i.u.g.PublishedGradleVersions - Gradle version information cache is up-to-date. Trying to read.
2022-12-01 19:43:51,099 [Worker-16: Enabling Maven Dependency Management] INFO  o.e.m.c.i.l.LifecycleMappingFactory - Using org.eclipse.m2e.jdt.JarLifecycleMapping lifecycle mapping for MavenProject: test2:test2:0.0.1-SNAPSHOT @ C:\Users\lenovo\Desktop\Vois_Tasks\Task1\test2\pom.xml.
2022-12-01 19:43:51,741 [Worker-0: Building] WARN  o.e.m.c.i.embedder.EclipseLogger - Using platform encoding (Cp1252 actually) to copy filtered resources, i.e. build is platform dependent!
2022-12-01 19:43:51,742 [Worker-0: Building] INFO  o.e.m.c.i.embedder.EclipseLogger - skip non existing resourceDirectory C:\Users\lenovo\Desktop\Vois_Tasks\Task1\test2\src\main\resources
2022-12-01 19:43:51,746 [Worker-0: Building] WARN  o.e.m.c.i.embedder.EclipseLogger - Using platform encoding (Cp1252 actually) to copy filtered resources, i.e. build is platform dependent!
2022-12-01 19:43:51,747 [Worker-0: Building] INFO  o.e.m.c.i.embedder.EclipseLogger - skip non existing resourceDirectory C:\Users\lenovo\Desktop\Vois_Tasks\Task1\test2\src\test\resources
2022-12-01 19:43:52,103 [Worker-16: Enabling Maven Dependency Management] INFO  o.e.m.j.i.AbstractJavaProjectConfigurator - Adding source folder /test2/src
2022-12-01 19:43:52,107 [Worker-16: Enabling Maven Dependency Management] INFO  o.e.m.j.i.AbstractJavaProjectConfigurator - Not adding source folder /test2/src/test/java because it overlaps with /test2/src
2022-12-01 19:43:52,235 [Worker-16: Enabling Maven Dependency Management] INFO  o.e.m.c.i.p.ProjectConfigurationManager - Update started
2022-12-01 19:43:52,609 [Worker-16: Enabling Maven Dependency Management] INFO  o.e.m.c.i.l.LifecycleMappingFactory - Using org.eclipse.m2e.jdt.JarLifecycleMapping lifecycle mapping for MavenProject: test2:test2:0.0.1-SNAPSHOT @ C:\Users\lenovo\Desktop\Vois_Tasks\Task1\test2\pom.xml.
2022-12-01 19:43:52,848 [Worker-16: Enabling Maven Dependency Management] INFO  o.e.m.j.i.AbstractJavaProjectConfigurator - Adding source folder /test2/src
2022-12-01 19:43:52,850 [Worker-16: Enabling Maven Dependency Management] INFO  o.e.m.j.i.AbstractJavaProjectConfigurator - Not adding source folder /test2/src/test/java because it overlaps with /test2/src
2022-12-01 19:43:52,896 [Worker-16: Enabling Maven Dependency Management] INFO  o.e.m.c.i.p.ProjectConfigurationManager - Update completed for 1 poms: local refresh takes 0.00 sec, refresh facades takes 0.00 sec, update config takes 0.00 sec 
2022-12-01 19:43:53,126 [Worker-9: Building] WARN  o.e.m.c.i.embedder.EclipseLogger - Using platform encoding (Cp1252 actually) to copy filtered resources, i.e. build is platform dependent!
2022-12-01 19:43:53,127 [Worker-9: Building] INFO  o.e.m.c.i.embedder.EclipseLogger - skip non existing resourceDirectory C:\Users\lenovo\Desktop\Vois_Tasks\Task1\test2\src\main\resources
2022-12-01 19:43:53,131 [Worker-9: Building] WARN  o.e.m.c.i.embedder.EclipseLogger - Using platform encoding (Cp1252 actually) to copy filtered resources, i.e. build is platform dependent!
2022-12-01 19:43:53,132 [Worker-9: Building] INFO  o.e.m.c.i.embedder.EclipseLogger - skip non existing resourceDirectory C:\Users\lenovo\Desktop\Vois_Tasks\Task1\test2\src\test\resources
2022-12-01 19:46:00,139 [Worker-8: Building] WARN  o.e.m.c.i.embedder.EclipseLogger - Using platform encoding (Cp1252 actually) to copy filtered resources, i.e. build is platform dependent!
2022-12-01 19:46:00,142 [Worker-8: Building] INFO  o.e.m.c.i.embedder.EclipseLogger - skip non existing resourceDirectory C:\Users\lenovo\Desktop\Vois_Tasks\Task1\test2\src\main\resources
2022-12-01 19:46:00,150 [Worker-8: Building] WARN  o.e.m.c.i.embedder.EclipseLogger - Using platform encoding (Cp1252 actually) to copy filtered resources, i.e. build is platform dependent!
2022-12-01 19:46:00,152 [Worker-8: Building] INFO  o.e.m.c.i.embedder.EclipseLogger - skip non existing resourceDirectory C:\Users\lenovo\Desktop\Vois_Tasks\Task1\test2\src\test\resources
2022-12-01 19:46:04,602 [Worker-21: Building] WARN  o.e.m.c.i.embedder.EclipseLogger - Using platform encoding (Cp1252 actually) to copy filtered resources, i.e. build is platform dependent!
2022-12-01 19:46:04,605 [Worker-21: Building] INFO  o.e.m.c.i.embedder.EclipseLogger - skip non existing resourceDirectory C:\Users\lenovo\Desktop\Vois_Tasks\Task1\test2\src\main\resources
2022-12-01 19:46:04,612 [Worker-21: Building] WARN  o.e.m.c.i.embedder.EclipseLogger - Using platform encoding (Cp1252 actually) to copy filtered resources, i.e. build is platform dependent!
2022-12-01 19:46:04,614 [Worker-21: Building] INFO  o.e.m.c.i.embedder.EclipseLogger - skip non existing resourceDirectory C:\Users\lenovo\Desktop\Vois_Tasks\Task1\test2\src\test\resources
2022-12-01 19:46:51,860 [Worker-11: Building] WARN  o.e.m.c.i.embedder.EclipseLogger - Using platform encoding (Cp1252 actually) to copy filtered resources, i.e. build is platform dependent!
2022-12-01 19:46:51,863 [Worker-11: Building] INFO  o.e.m.c.i.embedder.EclipseLogger - skip non existing resourceDirectory C:\Users\lenovo\Desktop\Vois_Tasks\Task1\test2\src\main\resources
2022-12-01 19:46:51,868 [Worker-11: Building] WARN  o.e.m.c.i.embedder.EclipseLogger - Using platform encoding (Cp1252 actually) to copy filtered resources, i.e. build is platform dependent!
2022-12-01 19:46:51,870 [Worker-11: Building] INFO  o.e.m.c.i.embedder.EclipseLogger - skip non existing resourceDirectory C:\Users\lenovo\Desktop\Vois_Tasks\Task1\test2\src\test\resources
2022-12-01 19:47:09,565 [Worker-7: Building] WARN  o.e.m.c.i.embedder.EclipseLogger - Using platform encoding (Cp1252 actually) to copy filtered resources, i.e. build is platform dependent!
2022-12-01 19:47:09,567 [Worker-7: Building] INFO  o.e.m.c.i.embedder.EclipseLogger - skip non existing resourceDirectory C:\Users\lenovo\Desktop\Vois_Tasks\Task1\test2\src\main\resources
2022-12-01 19:47:09,575 [Worker-7: Building] WARN  o.e.m.c.i.embedder.EclipseLogger - Using platform encoding (Cp1252 actually) to copy filtered resources, i.e. build is platform dependent!
2022-12-01 19:47:09,577 [Worker-7: Building] INFO  o.e.m.c.i.embedder.EclipseLogger - skip non existing resourceDirectory C:\Users\lenovo\Desktop\Vois_Tasks\Task1\test2\src\test\resources
2022-12-01 20:20:35,674 [Worker-25: Building] WARN  o.e.m.c.i.embedder.EclipseLogger - Using platform encoding (Cp1252 actually) to copy filtered resources, i.e. build is platform dependent!
2022-12-01 20:20:35,677 [Worker-25: Building] INFO  o.e.m.c.i.embedder.EclipseLogger - skip non existing resourceDirectory C:\Users\lenovo\Desktop\Vois_Tasks\Task1\test2\src\main\resources
2022-12-01 20:20:35,684 [Worker-25: Building] WARN  o.e.m.c.i.embedder.EclipseLogger - Using platform encoding (Cp1252 actually) to copy filtered resources, i.e. build is platform dependent!
2022-12-01 20:20:35,687 [Worker-25: Building] INFO  o.e.m.c.i.embedder.EclipseLogger - skip non existing resourceDirectory C:\Users\lenovo\Desktop\Vois_Tasks\Task1\test2\src\test\resources
2022-12-01 20:20:42,223 [Worker-28: Building] WARN  o.e.m.c.i.embedder.EclipseLogger - Using platform encoding (Cp1252 actually) to copy filtered resources, i.e. build is platform dependent!
2022-12-01 20:20:42,226 [Worker-28: Building] INFO  o.e.m.c.i.embedder.EclipseLogger - skip non existing resourceDirectory C:\Users\lenovo\Desktop\Vois_Tasks\Task1\test2\src\main\resources
2022-12-01 20:20:42,235 [Worker-28: Building] WARN  o.e.m.c.i.embedder.EclipseLogger - Using platform encoding (Cp1252 actually) to copy filtered resources, i.e. build is platform dependent!
2022-12-01 20:20:42,238 [Worker-28: Building] INFO  o.e.m.c.i.embedder.EclipseLogger - skip non existing resourceDirectory C:\Users\lenovo\Desktop\Vois_Tasks\Task1\test2\src\test\resources
2022-12-01 20:22:11,463 [Worker-1: Loading available Gradle versions] INFO  o.e.b.c.i.u.g.PublishedGradleVersions - Gradle version information cache is up-to-date. Trying to read.
2022-12-01 20:22:47,091 [Worker-17: Building] WARN  o.e.m.c.i.embedder.EclipseLogger - Using platform encoding (Cp1252 actually) to copy filtered resources, i.e. build is platform dependent!
2022-12-01 20:22:47,099 [Worker-17: Building] INFO  o.e.m.c.i.embedder.EclipseLogger - skip non existing resourceDirectory C:\Users\lenovo\Desktop\Vois_Tasks\Task1\test2\src\main\resources
2022-12-01 20:22:47,118 [Worker-17: Building] WARN  o.e.m.c.i.embedder.EclipseLogger - Using platform encoding (Cp1252 actually) to copy filtered resources, i.e. build is platform dependent!
2022-12-01 20:22:47,120 [Worker-17: Building] INFO  o.e.m.c.i.embedder.EclipseLogger - skip non existing resourceDirectory C:\Users\lenovo\Desktop\Vois_Tasks\Task1\test2\src\test\resources
2022-12-01 20:23:35,126 [Worker-8: Building] INFO  o.e.m.c.i.l.LifecycleMappingFactory - Using org.eclipse.m2e.jdt.JarLifecycleMapping lifecycle mapping for MavenProject: task1:task1:0.0.1-SNAPSHOT @ C:\Users\lenovo\Desktop\Vois_Tasks\Task1\task1\pom.xml.
2022-12-01 20:23:35,221 [Worker-8: Building] WARN  o.e.m.c.i.embedder.EclipseLogger - Using platform encoding (Cp1252 actually) to copy filtered resources, i.e. build is platform dependent!
2022-12-01 20:23:35,223 [Worker-8: Building] INFO  o.e.m.c.i.embedder.EclipseLogger - skip non existing resourceDirectory C:\Users\lenovo\Desktop\Vois_Tasks\Task1\task1\src\main\resources
2022-12-01 20:23:35,228 [Worker-8: Building] WARN  o.e.m.c.i.embedder.EclipseLogger - Using platform encoding (Cp1252 actually) to copy filtered resources, i.e. build is platform dependent!
2022-12-01 20:23:35,231 [Worker-8: Building] INFO  o.e.m.c.i.embedder.EclipseLogger - skip non existing resourceDirectory C:\Users\lenovo\Desktop\Vois_Tasks\Task1\task1\src\test\resources
2022-12-01 20:23:35,391 [Worker-8: Building] INFO  o.e.m.c.i.l.LifecycleMappingFactory - Using org.eclipse.m2e.jdt.JarLifecycleMapping lifecycle mapping for MavenProject: tet:tet:0.0.1-SNAPSHOT @ C:\Users\lenovo\Desktop\Vois_Tasks\Task1\tet\pom.xml.
2022-12-01 20:23:35,435 [Worker-8: Building] WARN  o.e.m.c.i.embedder.EclipseLogger - Using platform encoding (Cp1252 actually) to copy filtered resources, i.e. build is platform dependent!
2022-12-01 20:23:35,437 [Worker-8: Building] INFO  o.e.m.c.i.embedder.EclipseLogger - skip non existing resourceDirectory C:\Users\lenovo\Desktop\Vois_Tasks\Task1\tet\src\main\resources
2022-12-01 20:23:35,441 [Worker-8: Building] WARN  o.e.m.c.i.embedder.EclipseLogger - Using platform encoding (Cp1252 actually) to copy filtered resources, i.e. build is platform dependent!
2022-12-01 20:23:35,442 [Worker-8: Building] INFO  o.e.m.c.i.embedder.EclipseLogger - skip non existing resourceDirectory C:\Users\lenovo\Desktop\Vois_Tasks\Task1\tet\src\test\resources
2022-12-01 20:23:37,144 [Worker-9: Updating Maven Dependencies] INFO  o.e.m.c.i.l.LifecycleMappingFactory - Using org.eclipse.m2e.jdt.JarLifecycleMapping lifecycle mapping for MavenProject: tet:tet:0.0.1-SNAPSHOT @ C:\Users\lenovo\Desktop\Vois_Tasks\Task1\tet\pom.xml.
2022-12-01 20:23:37,247 [Worker-9: Updating Maven Dependencies] INFO  o.e.m.c.i.l.LifecycleMappingFactory - Using org.eclipse.m2e.jdt.JarLifecycleMapping lifecycle mapping for MavenProject: task1:task1:0.0.1-SNAPSHOT @ C:\Users\lenovo\Desktop\Vois_Tasks\Task1\task1\pom.xml.
2022-12-01 20:23:37,550 [Worker-9: Building] WARN  o.e.m.c.i.embedder.EclipseLogger - Using platform encoding (Cp1252 actually) to copy filtered resources, i.e. build is platform dependent!
2022-12-01 20:23:37,552 [Worker-9: Building] INFO  o.e.m.c.i.embedder.EclipseLogger - skip non existing resourceDirectory C:\Users\lenovo\Desktop\Vois_Tasks\Task1\task1\src\main\resources
2022-12-01 20:23:37,557 [Worker-9: Building] WARN  o.e.m.c.i.embedder.EclipseLogger - Using platform encoding (Cp1252 actually) to copy filtered resources, i.e. build is platform dependent!
2022-12-01 20:23:37,558 [Worker-9: Building] INFO  o.e.m.c.i.embedder.EclipseLogger - skip non existing resourceDirectory C:\Users\lenovo\Desktop\Vois_Tasks\Task1\task1\src\test\resources
2022-12-01 20:23:37,577 [Worker-9: Building] WARN  o.e.m.c.i.embedder.EclipseLogger - Using platform encoding (Cp1252 actually) to copy filtered resources, i.e. build is platform dependent!
2022-12-01 20:23:37,578 [Worker-9: Building] INFO  o.e.m.c.i.embedder.EclipseLogger - skip non existing resourceDirectory C:\Users\lenovo\Desktop\Vois_Tasks\Task1\tet\src\main\resources
2022-12-01 20:23:37,582 [Worker-9: Building] WARN  o.e.m.c.i.embedder.EclipseLogger - Using platform encoding (Cp1252 actually) to copy filtered resources, i.e. build is platform dependent!
2022-12-01 20:23:37,585 [Worker-9: Building] INFO  o.e.m.c.i.embedder.EclipseLogger - skip non existing resourceDirectory C:\Users\lenovo\Desktop\Vois_Tasks\Task1\tet\src\test\resources
2022-12-01 20:24:22,772 [Worker-18: Building] INFO  o.e.m.c.i.l.LifecycleMappingFactory - Using org.eclipse.m2e.jdt.JarLifecycleMapping lifecycle mapping for MavenProject: org.example:SelenuimWebDriverProject:1.0-SNAPSHOT @ C:\Users\lenovo\Desktop\Vois_Tasks\Task2\pom.xml.
2022-12-01 20:24:25,069 [Worker-18: Building] INFO  o.e.m.c.i.embedder.EclipseLogger - Using 'UTF-8' encoding to copy filtered resources.
2022-12-01 20:24:25,069 [Worker-18: Building] INFO  o.e.m.c.i.embedder.EclipseLogger - skip non existing resourceDirectory C:\Users\lenovo\Desktop\Vois_Tasks\Task2\src\main\resources
2022-12-01 20:24:25,073 [Worker-18: Building] INFO  o.e.m.c.i.embedder.EclipseLogger - Using 'UTF-8' encoding to copy filtered resources.
2022-12-01 20:24:25,074 [Worker-18: Building] INFO  o.e.m.c.i.embedder.EclipseLogger - skip non existing resourceDirectory C:\Users\lenovo\Desktop\Vois_Tasks\Task2\src\test\resources
2022-12-01 20:24:26,349 [Worker-20: Updating Maven Dependencies] INFO  o.e.m.c.i.l.LifecycleMappingFactory - Using org.eclipse.m2e.jdt.JarLifecycleMapping lifecycle mapping for MavenProject: org.example:SelenuimWebDriverProject:1.0-SNAPSHOT @ C:\Users\lenovo\Desktop\Vois_Tasks\Task2\pom.xml.
2022-12-01 20:24:28,019 [Worker-0: Building] INFO  o.e.m.c.i.embedder.EclipseLogger - Using 'UTF-8' encoding to copy filtered resources.
2022-12-01 20:24:28,020 [Worker-0: Building] INFO  o.e.m.c.i.embedder.EclipseLogger - skip non existing resourceDirectory C:\Users\lenovo\Desktop\Vois_Tasks\Task2\src\main\resources
2022-12-01 20:24:28,022 [Worker-0: Building] INFO  o.e.m.c.i.embedder.EclipseLogger - Using 'UTF-8' encoding to copy filtered resources.
2022-12-01 20:24:28,023 [Worker-0: Building] INFO  o.e.m.c.i.embedder.EclipseLogger - skip non existing resourceDirectory C:\Users\lenovo\Desktop\Vois_Tasks\Task2\src\test\resources
